<?xml version="1.0" encoding="UTF-8"?>
<testsuite name="org.hyperledger.fabric.samples.assettransfer.AssetTransferTest$UpdateAssetTransaction" tests="2" skipped="0" failures="0" errors="0" timestamp="2022-06-05T19:17:02" hostname="ODC-M17" time="0.006">
  <properties/>
  <testcase name="whenAssetExists()" classname="org.hyperledger.fabric.samples.assettransfer.AssetTransferTest$UpdateAssetTransaction" time="0.003"/>
  <testcase name="whenAssetDoesNotExist()" classname="org.hyperledger.fabric.samples.assettransfer.AssetTransferTest$UpdateAssetTransaction" time="0.002"/>
  <system-out><![CDATA[Asset asset1 does not exist
]]></system-out>
  <system-err><![CDATA[]]></system-err>
</testsuite>
